<?xml version="1.0" encoding="UTF-8"?>
<testsuite xmlns:xsi="http://www.w3.org/2001/XMLSchema-instance" xsi:noNamespaceSchemaLocation="https://maven.apache.org/surefire/maven-surefire-plugin/xsd/surefire-test-report.xsd" name="com.mengzhou.trashrecycling.TrashRecyclingApplicationTests" time="9.377" tests="1" errors="0" skipped="0" failures="0">
  <properties>
    <property name="sun.desktop" value="windows"/>
    <property name="awt.toolkit" value="sun.awt.windows.WToolkit"/>
    <property name="file.encoding.pkg" value="sun.io"/>
    <property name="java.specification.version" value="1.8"/>
    <property name="sun.cpu.isalist" value="amd64"/>
    <property name="sun.jnu.encoding" value="GBK"/>
    <property name="java.class.path" value="D:\Proect\trash-recycling\target\test-classes;D:\Proect\trash-recycling\target\classes;D:\CC\Maven\maven_jar\org\springframework\boot\spring-boot-starter-web\2.1.6.RELEASE\spring-boot-starter-web-2.1.6.RELEASE.jar;D:\CC\Maven\maven_jar\org\springframework\boot\spring-boot-starter\2.1.6.RELEASE\spring-boot-starter-2.1.6.RELEASE.jar;D:\CC\Maven\maven_jar\org\springframework\boot\spring-boot-starter-logging\2.1.6.RELEASE\spring-boot-starter-logging-2.1.6.RELEASE.jar;D:\CC\Maven\maven_jar\ch\qos\logback\logback-classic\1.2.3\logback-classic-1.2.3.jar;D:\CC\Maven\maven_jar\ch\qos\logback\logback-core\1.2.3\logback-core-1.2.3.jar;D:\CC\Maven\maven_jar\org\apache\logging\log4j\log4j-to-slf4j\2.11.2\log4j-to-slf4j-2.11.2.jar;D:\CC\Maven\maven_jar\org\apache\logging\log4j\log4j-api\2.11.2\log4j-api-2.11.2.jar;D:\CC\Maven\maven_jar\org\slf4j\jul-to-slf4j\1.7.26\jul-to-slf4j-1.7.26.jar;D:\CC\Maven\maven_jar\javax\annotation\javax.annotation-api\1.3.2\javax.annotation-api-1.3.2.jar;D:\CC\Maven\maven_jar\org\yaml\snakeyaml\1.23\snakeyaml-1.23.jar;D:\CC\Maven\maven_jar\org\springframework\boot\spring-boot-starter-json\2.1.6.RELEASE\spring-boot-starter-json-2.1.6.RELEASE.jar;D:\CC\Maven\maven_jar\com\fasterxml\jackson\core\jackson-databind\2.9.9\jackson-databind-2.9.9.jar;D:\CC\Maven\maven_jar\com\fasterxml\jackson\core\jackson-annotations\2.9.0\jackson-annotations-2.9.0.jar;D:\CC\Maven\maven_jar\com\fasterxml\jackson\core\jackson-core\2.9.9\jackson-core-2.9.9.jar;D:\CC\Maven\maven_jar\com\fasterxml\jackson\datatype\jackson-datatype-jdk8\2.9.9\jackson-datatype-jdk8-2.9.9.jar;D:\CC\Maven\maven_jar\com\fasterxml\jackson\datatype\jackson-datatype-jsr310\2.9.9\jackson-datatype-jsr310-2.9.9.jar;D:\CC\Maven\maven_jar\com\fasterxml\jackson\module\jackson-module-parameter-names\2.9.9\jackson-module-parameter-names-2.9.9.jar;D:\CC\Maven\maven_jar\org\springframework\boot\spring-boot-starter-tomcat\2.1.6.RELEASE\spring-boot-starter-tomcat-2.1.6.RELEASE.jar;D:\CC\Maven\maven_jar\org\apache\tomcat\embed\tomcat-embed-core\9.0.21\tomcat-embed-core-9.0.21.jar;D:\CC\Maven\maven_jar\org\apache\tomcat\embed\tomcat-embed-el\9.0.21\tomcat-embed-el-9.0.21.jar;D:\CC\Maven\maven_jar\org\apache\tomcat\embed\tomcat-embed-websocket\9.0.21\tomcat-embed-websocket-9.0.21.jar;D:\CC\Maven\maven_jar\org\hibernate\validator\hibernate-validator\6.0.17.Final\hibernate-validator-6.0.17.Final.jar;D:\CC\Maven\maven_jar\javax\validation\validation-api\2.0.1.Final\validation-api-2.0.1.Final.jar;D:\CC\Maven\maven_jar\org\jboss\logging\jboss-logging\3.3.2.Final\jboss-logging-3.3.2.Final.jar;D:\CC\Maven\maven_jar\com\fasterxml\classmate\1.4.0\classmate-1.4.0.jar;D:\CC\Maven\maven_jar\org\springframework\spring-web\5.1.8.RELEASE\spring-web-5.1.8.RELEASE.jar;D:\CC\Maven\maven_jar\org\springframework\spring-beans\5.1.8.RELEASE\spring-beans-5.1.8.RELEASE.jar;D:\CC\Maven\maven_jar\org\springframework\spring-webmvc\5.1.8.RELEASE\spring-webmvc-5.1.8.RELEASE.jar;D:\CC\Maven\maven_jar\org\springframework\spring-aop\5.1.8.RELEASE\spring-aop-5.1.8.RELEASE.jar;D:\CC\Maven\maven_jar\org\springframework\spring-context\5.1.8.RELEASE\spring-context-5.1.8.RELEASE.jar;D:\CC\Maven\maven_jar\org\springframework\spring-expression\5.1.8.RELEASE\spring-expression-5.1.8.RELEASE.jar;D:\CC\Maven\maven_jar\ch\hsr\geohash\1.3.0\geohash-1.3.0.jar;D:\CC\Maven\maven_jar\org\springframework\boot\spring-boot-starter-test\2.1.6.RELEASE\spring-boot-starter-test-2.1.6.RELEASE.jar;D:\CC\Maven\maven_jar\org\springframework\boot\spring-boot-test\2.1.6.RELEASE\spring-boot-test-2.1.6.RELEASE.jar;D:\CC\Maven\maven_jar\org\springframework\boot\spring-boot-test-autoconfigure\2.1.6.RELEASE\spring-boot-test-autoconfigure-2.1.6.RELEASE.jar;D:\CC\Maven\maven_jar\com\jayway\jsonpath\json-path\2.4.0\json-path-2.4.0.jar;D:\CC\Maven\maven_jar\net\minidev\json-smart\2.3\json-smart-2.3.jar;D:\CC\Maven\maven_jar\net\minidev\accessors-smart\1.2\accessors-smart-1.2.jar;D:\CC\Maven\maven_jar\org\ow2\asm\asm\5.0.4\asm-5.0.4.jar;D:\CC\Maven\maven_jar\junit\junit\4.12\junit-4.12.jar;D:\CC\Maven\maven_jar\org\assertj\assertj-core\3.11.1\assertj-core-3.11.1.jar;D:\CC\Maven\maven_jar\org\mockito\mockito-core\2.23.4\mockito-core-2.23.4.jar;D:\CC\Maven\maven_jar\net\bytebuddy\byte-buddy\1.9.13\byte-buddy-1.9.13.jar;D:\CC\Maven\maven_jar\net\bytebuddy\byte-buddy-agent\1.9.13\byte-buddy-agent-1.9.13.jar;D:\CC\Maven\maven_jar\org\objenesis\objenesis\2.6\objenesis-2.6.jar;D:\CC\Maven\maven_jar\org\hamcrest\hamcrest-core\1.3\hamcrest-core-1.3.jar;D:\CC\Maven\maven_jar\org\hamcrest\hamcrest-library\1.3\hamcrest-library-1.3.jar;D:\CC\Maven\maven_jar\org\skyscreamer\jsonassert\1.5.0\jsonassert-1.5.0.jar;D:\CC\Maven\maven_jar\com\vaadin\external\google\android-json\0.0.20131108.vaadin1\android-json-0.0.20131108.vaadin1.jar;D:\CC\Maven\maven_jar\org\springframework\spring-core\5.1.8.RELEASE\spring-core-5.1.8.RELEASE.jar;D:\CC\Maven\maven_jar\org\springframework\spring-jcl\5.1.8.RELEASE\spring-jcl-5.1.8.RELEASE.jar;D:\CC\Maven\maven_jar\org\springframework\spring-test\5.1.8.RELEASE\spring-test-5.1.8.RELEASE.jar;D:\CC\Maven\maven_jar\org\xmlunit\xmlunit-core\2.6.2\xmlunit-core-2.6.2.jar;D:\CC\Maven\maven_jar\org\projectlombok\lombok\1.18.8\lombok-1.18.8.jar;D:\CC\Maven\maven_jar\org\springframework\boot\spring-boot-devtools\2.1.6.RELEASE\spring-boot-devtools-2.1.6.RELEASE.jar;D:\CC\Maven\maven_jar\org\springframework\boot\spring-boot\2.1.6.RELEASE\spring-boot-2.1.6.RELEASE.jar;D:\CC\Maven\maven_jar\org\springframework\boot\spring-boot-autoconfigure\2.1.6.RELEASE\spring-boot-autoconfigure-2.1.6.RELEASE.jar;D:\CC\Maven\maven_jar\org\springframework\boot\spring-boot-starter-freemarker\2.1.6.RELEASE\spring-boot-starter-freemarker-2.1.6.RELEASE.jar;D:\CC\Maven\maven_jar\org\freemarker\freemarker\2.3.28\freemarker-2.3.28.jar;D:\CC\Maven\maven_jar\org\springframework\spring-context-support\5.1.8.RELEASE\spring-context-support-5.1.8.RELEASE.jar;D:\CC\Maven\maven_jar\mysql\mysql-connector-java\8.0.15\mysql-connector-java-8.0.15.jar;D:\CC\Maven\maven_jar\com\baomidou\mybatis-plus-boot-starter\2.2.0\mybatis-plus-boot-starter-2.2.0.jar;D:\CC\Maven\maven_jar\com\baomidou\mybatis-plus\2.2.0\mybatis-plus-2.2.0.jar;D:\CC\Maven\maven_jar\com\baomidou\mybatis-plus-support\2.2.0\mybatis-plus-support-2.2.0.jar;D:\CC\Maven\maven_jar\com\baomidou\mybatis-plus-core\2.2.0\mybatis-plus-core-2.2.0.jar;D:\CC\Maven\maven_jar\com\baomidou\mybatis-plus-generate\2.2.0\mybatis-plus-generate-2.2.0.jar;D:\CC\Maven\maven_jar\org\springframework\boot\spring-boot-starter-jdbc\2.1.6.RELEASE\spring-boot-starter-jdbc-2.1.6.RELEASE.jar;D:\CC\Maven\maven_jar\com\zaxxer\HikariCP\3.2.0\HikariCP-3.2.0.jar;D:\CC\Maven\maven_jar\org\springframework\spring-jdbc\5.1.8.RELEASE\spring-jdbc-5.1.8.RELEASE.jar;D:\CC\Maven\maven_jar\org\apache\velocity\velocity-engine-core\2.0\velocity-engine-core-2.0.jar;D:\CC\Maven\maven_jar\org\apache\commons\commons-lang3\3.8.1\commons-lang3-3.8.1.jar;D:\CC\Maven\maven_jar\org\slf4j\slf4j-api\1.7.26\slf4j-api-1.7.26.jar;D:\CC\Maven\maven_jar\com\github\pagehelper\pagehelper-spring-boot-starter\1.2.5\pagehelper-spring-boot-starter-1.2.5.jar;D:\CC\Maven\maven_jar\org\mybatis\spring\boot\mybatis-spring-boot-starter\1.3.2\mybatis-spring-boot-starter-1.3.2.jar;D:\CC\Maven\maven_jar\org\mybatis\spring\boot\mybatis-spring-boot-autoconfigure\1.3.2\mybatis-spring-boot-autoconfigure-1.3.2.jar;D:\CC\Maven\maven_jar\org\mybatis\mybatis\3.4.6\mybatis-3.4.6.jar;D:\CC\Maven\maven_jar\org\mybatis\mybatis-spring\1.3.2\mybatis-spring-1.3.2.jar;D:\CC\Maven\maven_jar\com\github\pagehelper\pagehelper-spring-boot-autoconfigure\1.2.5\pagehelper-spring-boot-autoconfigure-1.2.5.jar;D:\CC\Maven\maven_jar\com\github\pagehelper\pagehelper\5.1.4\pagehelper-5.1.4.jar;D:\CC\Maven\maven_jar\com\github\jsqlparser\jsqlparser\1.0\jsqlparser-1.0.jar;D:\CC\Maven\maven_jar\org\springframework\boot\spring-boot-starter-data-redis\2.1.6.RELEASE\spring-boot-starter-data-redis-2.1.6.RELEASE.jar;D:\CC\Maven\maven_jar\org\springframework\data\spring-data-redis\2.1.9.RELEASE\spring-data-redis-2.1.9.RELEASE.jar;D:\CC\Maven\maven_jar\org\springframework\data\spring-data-keyvalue\2.1.9.RELEASE\spring-data-keyvalue-2.1.9.RELEASE.jar;D:\CC\Maven\maven_jar\org\springframework\data\spring-data-commons\2.1.9.RELEASE\spring-data-commons-2.1.9.RELEASE.jar;D:\CC\Maven\maven_jar\org\springframework\spring-tx\5.1.8.RELEASE\spring-tx-5.1.8.RELEASE.jar;D:\CC\Maven\maven_jar\org\springframework\spring-oxm\5.1.8.RELEASE\spring-oxm-5.1.8.RELEASE.jar;D:\CC\Maven\maven_jar\io\lettuce\lettuce-core\5.1.7.RELEASE\lettuce-core-5.1.7.RELEASE.jar;D:\CC\Maven\maven_jar\io\netty\netty-common\4.1.36.Final\netty-common-4.1.36.Final.jar;D:\CC\Maven\maven_jar\io\netty\netty-handler\4.1.36.Final\netty-handler-4.1.36.Final.jar;D:\CC\Maven\maven_jar\io\netty\netty-buffer\4.1.36.Final\netty-buffer-4.1.36.Final.jar;D:\CC\Maven\maven_jar\io\netty\netty-codec\4.1.36.Final\netty-codec-4.1.36.Final.jar;D:\CC\Maven\maven_jar\io\netty\netty-transport\4.1.36.Final\netty-transport-4.1.36.Final.jar;D:\CC\Maven\maven_jar\io\netty\netty-resolver\4.1.36.Final\netty-resolver-4.1.36.Final.jar;D:\CC\Maven\maven_jar\io\projectreactor\reactor-core\3.2.10.RELEASE\reactor-core-3.2.10.RELEASE.jar;D:\CC\Maven\maven_jar\org\reactivestreams\reactive-streams\1.0.2\reactive-streams-1.0.2.jar;D:\CC\Maven\maven_jar\org\apache\shiro\shiro-spring\1.4.0\shiro-spring-1.4.0.jar;D:\CC\Maven\maven_jar\org\apache\shiro\shiro-core\1.4.0\shiro-core-1.4.0.jar;D:\CC\Maven\maven_jar\org\apache\shiro\shiro-lang\1.4.0\shiro-lang-1.4.0.jar;D:\CC\Maven\maven_jar\org\apache\shiro\shiro-cache\1.4.0\shiro-cache-1.4.0.jar;D:\CC\Maven\maven_jar\org\apache\shiro\shiro-crypto-hash\1.4.0\shiro-crypto-hash-1.4.0.jar;D:\CC\Maven\maven_jar\org\apache\shiro\shiro-crypto-core\1.4.0\shiro-crypto-core-1.4.0.jar;D:\CC\Maven\maven_jar\org\apache\shiro\shiro-crypto-cipher\1.4.0\shiro-crypto-cipher-1.4.0.jar;D:\CC\Maven\maven_jar\org\apache\shiro\shiro-config-core\1.4.0\shiro-config-core-1.4.0.jar;D:\CC\Maven\maven_jar\org\apache\shiro\shiro-config-ogdl\1.4.0\shiro-config-ogdl-1.4.0.jar;D:\CC\Maven\maven_jar\commons-beanutils\commons-beanutils\1.9.3\commons-beanutils-1.9.3.jar;D:\CC\Maven\maven_jar\commons-collections\commons-collections\3.2.2\commons-collections-3.2.2.jar;D:\CC\Maven\maven_jar\org\apache\shiro\shiro-event\1.4.0\shiro-event-1.4.0.jar;D:\CC\Maven\maven_jar\org\apache\shiro\shiro-web\1.4.0\shiro-web-1.4.0.jar;D:\CC\Maven\maven_jar\com\alibaba\fastjson\1.2.58\fastjson-1.2.58.jar;D:\CC\Maven\maven_jar\commons-httpclient\commons-httpclient\3.1\commons-httpclient-3.1.jar;D:\CC\Maven\maven_jar\commons-logging\commons-logging\1.0.4\commons-logging-1.0.4.jar;D:\CC\Maven\maven_jar\commons-codec\commons-codec\1.11\commons-codec-1.11.jar;"/>
    <property name="java.vm.vendor" value="Oracle Corporation"/>
    <property name="sun.arch.data.model" value="64"/>
    <property name="user.variant" value=""/>
    <property name="java.vendor.url" value="http://java.oracle.com/"/>
    <property name="user.timezone" value="Asia/Shanghai"/>
    <property name="java.vm.specification.version" value="1.8"/>
    <property name="os.name" value="Windows 8.1"/>
    <property name="user.country" value="CN"/>
    <property name="sun.java.launcher" value="SUN_STANDARD"/>
    <property name="sun.boot.library.path" value="D:\CC\JDK\JDK8\jre\bin"/>
    <property name="sun.java.command" value="C:\Users\15771\AppData\Local\Temp\surefire8270932434159106297\surefirebooter4429936743193647098.jar C:\Users\15771\AppData\Local\Temp\surefire8270932434159106297 2019-10-19T08-29-10_544-jvmRun1 surefire9090896106776729398tmp surefire_06058922397391251527tmp"/>
    <property name="surefire.test.class.path" value="D:\Proect\trash-recycling\target\test-classes;D:\Proect\trash-recycling\target\classes;D:\CC\Maven\maven_jar\org\springframework\boot\spring-boot-starter-web\2.1.6.RELEASE\spring-boot-starter-web-2.1.6.RELEASE.jar;D:\CC\Maven\maven_jar\org\springframework\boot\spring-boot-starter\2.1.6.RELEASE\spring-boot-starter-2.1.6.RELEASE.jar;D:\CC\Maven\maven_jar\org\springframework\boot\spring-boot-starter-logging\2.1.6.RELEASE\spring-boot-starter-logging-2.1.6.RELEASE.jar;D:\CC\Maven\maven_jar\ch\qos\logback\logback-classic\1.2.3\logback-classic-1.2.3.jar;D:\CC\Maven\maven_jar\ch\qos\logback\logback-core\1.2.3\logback-core-1.2.3.jar;D:\CC\Maven\maven_jar\org\apache\logging\log4j\log4j-to-slf4j\2.11.2\log4j-to-slf4j-2.11.2.jar;D:\CC\Maven\maven_jar\org\apache\logging\log4j\log4j-api\2.11.2\log4j-api-2.11.2.jar;D:\CC\Maven\maven_jar\org\slf4j\jul-to-slf4j\1.7.26\jul-to-slf4j-1.7.26.jar;D:\CC\Maven\maven_jar\javax\annotation\javax.annotation-api\1.3.2\javax.annotation-api-1.3.2.jar;D:\CC\Maven\maven_jar\org\yaml\snakeyaml\1.23\snakeyaml-1.23.jar;D:\CC\Maven\maven_jar\org\springframework\boot\spring-boot-starter-json\2.1.6.RELEASE\spring-boot-starter-json-2.1.6.RELEASE.jar;D:\CC\Maven\maven_jar\com\fasterxml\jackson\core\jackson-databind\2.9.9\jackson-databind-2.9.9.jar;D:\CC\Maven\maven_jar\com\fasterxml\jackson\core\jackson-annotations\2.9.0\jackson-annotations-2.9.0.jar;D:\CC\Maven\maven_jar\com\fasterxml\jackson\core\jackson-core\2.9.9\jackson-core-2.9.9.jar;D:\CC\Maven\maven_jar\com\fasterxml\jackson\datatype\jackson-datatype-jdk8\2.9.9\jackson-datatype-jdk8-2.9.9.jar;D:\CC\Maven\maven_jar\com\fasterxml\jackson\datatype\jackson-datatype-jsr310\2.9.9\jackson-datatype-jsr310-2.9.9.jar;D:\CC\Maven\maven_jar\com\fasterxml\jackson\module\jackson-module-parameter-names\2.9.9\jackson-module-parameter-names-2.9.9.jar;D:\CC\Maven\maven_jar\org\springframework\boot\spring-boot-starter-tomcat\2.1.6.RELEASE\spring-boot-starter-tomcat-2.1.6.RELEASE.jar;D:\CC\Maven\maven_jar\org\apache\tomcat\embed\tomcat-embed-core\9.0.21\tomcat-embed-core-9.0.21.jar;D:\CC\Maven\maven_jar\org\apache\tomcat\embed\tomcat-embed-el\9.0.21\tomcat-embed-el-9.0.21.jar;D:\CC\Maven\maven_jar\org\apache\tomcat\embed\tomcat-embed-websocket\9.0.21\tomcat-embed-websocket-9.0.21.jar;D:\CC\Maven\maven_jar\org\hibernate\validator\hibernate-validator\6.0.17.Final\hibernate-validator-6.0.17.Final.jar;D:\CC\Maven\maven_jar\javax\validation\validation-api\2.0.1.Final\validation-api-2.0.1.Final.jar;D:\CC\Maven\maven_jar\org\jboss\logging\jboss-logging\3.3.2.Final\jboss-logging-3.3.2.Final.jar;D:\CC\Maven\maven_jar\com\fasterxml\classmate\1.4.0\classmate-1.4.0.jar;D:\CC\Maven\maven_jar\org\springframework\spring-web\5.1.8.RELEASE\spring-web-5.1.8.RELEASE.jar;D:\CC\Maven\maven_jar\org\springframework\spring-beans\5.1.8.RELEASE\spring-beans-5.1.8.RELEASE.jar;D:\CC\Maven\maven_jar\org\springframework\spring-webmvc\5.1.8.RELEASE\spring-webmvc-5.1.8.RELEASE.jar;D:\CC\Maven\maven_jar\org\springframework\spring-aop\5.1.8.RELEASE\spring-aop-5.1.8.RELEASE.jar;D:\CC\Maven\maven_jar\org\springframework\spring-context\5.1.8.RELEASE\spring-context-5.1.8.RELEASE.jar;D:\CC\Maven\maven_jar\org\springframework\spring-expression\5.1.8.RELEASE\spring-expression-5.1.8.RELEASE.jar;D:\CC\Maven\maven_jar\ch\hsr\geohash\1.3.0\geohash-1.3.0.jar;D:\CC\Maven\maven_jar\org\springframework\boot\spring-boot-starter-test\2.1.6.RELEASE\spring-boot-starter-test-2.1.6.RELEASE.jar;D:\CC\Maven\maven_jar\org\springframework\boot\spring-boot-test\2.1.6.RELEASE\spring-boot-test-2.1.6.RELEASE.jar;D:\CC\Maven\maven_jar\org\springframework\boot\spring-boot-test-autoconfigure\2.1.6.RELEASE\spring-boot-test-autoconfigure-2.1.6.RELEASE.jar;D:\CC\Maven\maven_jar\com\jayway\jsonpath\json-path\2.4.0\json-path-2.4.0.jar;D:\CC\Maven\maven_jar\net\minidev\json-smart\2.3\json-smart-2.3.jar;D:\CC\Maven\maven_jar\net\minidev\accessors-smart\1.2\accessors-smart-1.2.jar;D:\CC\Maven\maven_jar\org\ow2\asm\asm\5.0.4\asm-5.0.4.jar;D:\CC\Maven\maven_jar\junit\junit\4.12\junit-4.12.jar;D:\CC\Maven\maven_jar\org\assertj\assertj-core\3.11.1\assertj-core-3.11.1.jar;D:\CC\Maven\maven_jar\org\mockito\mockito-core\2.23.4\mockito-core-2.23.4.jar;D:\CC\Maven\maven_jar\net\bytebuddy\byte-buddy\1.9.13\byte-buddy-1.9.13.jar;D:\CC\Maven\maven_jar\net\bytebuddy\byte-buddy-agent\1.9.13\byte-buddy-agent-1.9.13.jar;D:\CC\Maven\maven_jar\org\objenesis\objenesis\2.6\objenesis-2.6.jar;D:\CC\Maven\maven_jar\org\hamcrest\hamcrest-core\1.3\hamcrest-core-1.3.jar;D:\CC\Maven\maven_jar\org\hamcrest\hamcrest-library\1.3\hamcrest-library-1.3.jar;D:\CC\Maven\maven_jar\org\skyscreamer\jsonassert\1.5.0\jsonassert-1.5.0.jar;D:\CC\Maven\maven_jar\com\vaadin\external\google\android-json\0.0.20131108.vaadin1\android-json-0.0.20131108.vaadin1.jar;D:\CC\Maven\maven_jar\org\springframework\spring-core\5.1.8.RELEASE\spring-core-5.1.8.RELEASE.jar;D:\CC\Maven\maven_jar\org\springframework\spring-jcl\5.1.8.RELEASE\spring-jcl-5.1.8.RELEASE.jar;D:\CC\Maven\maven_jar\org\springframework\spring-test\5.1.8.RELEASE\spring-test-5.1.8.RELEASE.jar;D:\CC\Maven\maven_jar\org\xmlunit\xmlunit-core\2.6.2\xmlunit-core-2.6.2.jar;D:\CC\Maven\maven_jar\org\projectlombok\lombok\1.18.8\lombok-1.18.8.jar;D:\CC\Maven\maven_jar\org\springframework\boot\spring-boot-devtools\2.1.6.RELEASE\spring-boot-devtools-2.1.6.RELEASE.jar;D:\CC\Maven\maven_jar\org\springframework\boot\spring-boot\2.1.6.RELEASE\spring-boot-2.1.6.RELEASE.jar;D:\CC\Maven\maven_jar\org\springframework\boot\spring-boot-autoconfigure\2.1.6.RELEASE\spring-boot-autoconfigure-2.1.6.RELEASE.jar;D:\CC\Maven\maven_jar\org\springframework\boot\spring-boot-starter-freemarker\2.1.6.RELEASE\spring-boot-starter-freemarker-2.1.6.RELEASE.jar;D:\CC\Maven\maven_jar\org\freemarker\freemarker\2.3.28\freemarker-2.3.28.jar;D:\CC\Maven\maven_jar\org\springframework\spring-context-support\5.1.8.RELEASE\spring-context-support-5.1.8.RELEASE.jar;D:\CC\Maven\maven_jar\mysql\mysql-connector-java\8.0.15\mysql-connector-java-8.0.15.jar;D:\CC\Maven\maven_jar\com\baomidou\mybatis-plus-boot-starter\2.2.0\mybatis-plus-boot-starter-2.2.0.jar;D:\CC\Maven\maven_jar\com\baomidou\mybatis-plus\2.2.0\mybatis-plus-2.2.0.jar;D:\CC\Maven\maven_jar\com\baomidou\mybatis-plus-support\2.2.0\mybatis-plus-support-2.2.0.jar;D:\CC\Maven\maven_jar\com\baomidou\mybatis-plus-core\2.2.0\mybatis-plus-core-2.2.0.jar;D:\CC\Maven\maven_jar\com\baomidou\mybatis-plus-generate\2.2.0\mybatis-plus-generate-2.2.0.jar;D:\CC\Maven\maven_jar\org\springframework\boot\spring-boot-starter-jdbc\2.1.6.RELEASE\spring-boot-starter-jdbc-2.1.6.RELEASE.jar;D:\CC\Maven\maven_jar\com\zaxxer\HikariCP\3.2.0\HikariCP-3.2.0.jar;D:\CC\Maven\maven_jar\org\springframework\spring-jdbc\5.1.8.RELEASE\spring-jdbc-5.1.8.RELEASE.jar;D:\CC\Maven\maven_jar\org\apache\velocity\velocity-engine-core\2.0\velocity-engine-core-2.0.jar;D:\CC\Maven\maven_jar\org\apache\commons\commons-lang3\3.8.1\commons-lang3-3.8.1.jar;D:\CC\Maven\maven_jar\org\slf4j\slf4j-api\1.7.26\slf4j-api-1.7.26.jar;D:\CC\Maven\maven_jar\com\github\pagehelper\pagehelper-spring-boot-starter\1.2.5\pagehelper-spring-boot-starter-1.2.5.jar;D:\CC\Maven\maven_jar\org\mybatis\spring\boot\mybatis-spring-boot-starter\1.3.2\mybatis-spring-boot-starter-1.3.2.jar;D:\CC\Maven\maven_jar\org\mybatis\spring\boot\mybatis-spring-boot-autoconfigure\1.3.2\mybatis-spring-boot-autoconfigure-1.3.2.jar;D:\CC\Maven\maven_jar\org\mybatis\mybatis\3.4.6\mybatis-3.4.6.jar;D:\CC\Maven\maven_jar\org\mybatis\mybatis-spring\1.3.2\mybatis-spring-1.3.2.jar;D:\CC\Maven\maven_jar\com\github\pagehelper\pagehelper-spring-boot-autoconfigure\1.2.5\pagehelper-spring-boot-autoconfigure-1.2.5.jar;D:\CC\Maven\maven_jar\com\github\pagehelper\pagehelper\5.1.4\pagehelper-5.1.4.jar;D:\CC\Maven\maven_jar\com\github\jsqlparser\jsqlparser\1.0\jsqlparser-1.0.jar;D:\CC\Maven\maven_jar\org\springframework\boot\spring-boot-starter-data-redis\2.1.6.RELEASE\spring-boot-starter-data-redis-2.1.6.RELEASE.jar;D:\CC\Maven\maven_jar\org\springframework\data\spring-data-redis\2.1.9.RELEASE\spring-data-redis-2.1.9.RELEASE.jar;D:\CC\Maven\maven_jar\org\springframework\data\spring-data-keyvalue\2.1.9.RELEASE\spring-data-keyvalue-2.1.9.RELEASE.jar;D:\CC\Maven\maven_jar\org\springframework\data\spring-data-commons\2.1.9.RELEASE\spring-data-commons-2.1.9.RELEASE.jar;D:\CC\Maven\maven_jar\org\springframework\spring-tx\5.1.8.RELEASE\spring-tx-5.1.8.RELEASE.jar;D:\CC\Maven\maven_jar\org\springframework\spring-oxm\5.1.8.RELEASE\spring-oxm-5.1.8.RELEASE.jar;D:\CC\Maven\maven_jar\io\lettuce\lettuce-core\5.1.7.RELEASE\lettuce-core-5.1.7.RELEASE.jar;D:\CC\Maven\maven_jar\io\netty\netty-common\4.1.36.Final\netty-common-4.1.36.Final.jar;D:\CC\Maven\maven_jar\io\netty\netty-handler\4.1.36.Final\netty-handler-4.1.36.Final.jar;D:\CC\Maven\maven_jar\io\netty\netty-buffer\4.1.36.Final\netty-buffer-4.1.36.Final.jar;D:\CC\Maven\maven_jar\io\netty\netty-codec\4.1.36.Final\netty-codec-4.1.36.Final.jar;D:\CC\Maven\maven_jar\io\netty\netty-transport\4.1.36.Final\netty-transport-4.1.36.Final.jar;D:\CC\Maven\maven_jar\io\netty\netty-resolver\4.1.36.Final\netty-resolver-4.1.36.Final.jar;D:\CC\Maven\maven_jar\io\projectreactor\reactor-core\3.2.10.RELEASE\reactor-core-3.2.10.RELEASE.jar;D:\CC\Maven\maven_jar\org\reactivestreams\reactive-streams\1.0.2\reactive-streams-1.0.2.jar;D:\CC\Maven\maven_jar\org\apache\shiro\shiro-spring\1.4.0\shiro-spring-1.4.0.jar;D:\CC\Maven\maven_jar\org\apache\shiro\shiro-core\1.4.0\shiro-core-1.4.0.jar;D:\CC\Maven\maven_jar\org\apache\shiro\shiro-lang\1.4.0\shiro-lang-1.4.0.jar;D:\CC\Maven\maven_jar\org\apache\shiro\shiro-cache\1.4.0\shiro-cache-1.4.0.jar;D:\CC\Maven\maven_jar\org\apache\shiro\shiro-crypto-hash\1.4.0\shiro-crypto-hash-1.4.0.jar;D:\CC\Maven\maven_jar\org\apache\shiro\shiro-crypto-core\1.4.0\shiro-crypto-core-1.4.0.jar;D:\CC\Maven\maven_jar\org\apache\shiro\shiro-crypto-cipher\1.4.0\shiro-crypto-cipher-1.4.0.jar;D:\CC\Maven\maven_jar\org\apache\shiro\shiro-config-core\1.4.0\shiro-config-core-1.4.0.jar;D:\CC\Maven\maven_jar\org\apache\shiro\shiro-config-ogdl\1.4.0\shiro-config-ogdl-1.4.0.jar;D:\CC\Maven\maven_jar\commons-beanutils\commons-beanutils\1.9.3\commons-beanutils-1.9.3.jar;D:\CC\Maven\maven_jar\commons-collections\commons-collections\3.2.2\commons-collections-3.2.2.jar;D:\CC\Maven\maven_jar\org\apache\shiro\shiro-event\1.4.0\shiro-event-1.4.0.jar;D:\CC\Maven\maven_jar\org\apache\shiro\shiro-web\1.4.0\shiro-web-1.4.0.jar;D:\CC\Maven\maven_jar\com\alibaba\fastjson\1.2.58\fastjson-1.2.58.jar;D:\CC\Maven\maven_jar\commons-httpclient\commons-httpclient\3.1\commons-httpclient-3.1.jar;D:\CC\Maven\maven_jar\commons-logging\commons-logging\1.0.4\commons-logging-1.0.4.jar;D:\CC\Maven\maven_jar\commons-codec\commons-codec\1.11\commons-codec-1.11.jar;"/>
    <property name="sun.cpu.endian" value="little"/>
    <property name="user.home" value="C:\Users\15771"/>
    <property name="user.language" value="zh"/>
    <property name="java.specification.vendor" value="Oracle Corporation"/>
    <property name="java.home" value="D:\CC\JDK\JDK8\jre"/>
    <property name="basedir" value="D:\Proect\trash-recycling"/>
    <property name="file.separator" value="\"/>
    <property name="line.separator" value="&#10;"/>
    <property name="java.vm.specification.vendor" value="Oracle Corporation"/>
    <property name="java.specification.name" value="Java Platform API Specification"/>
    <property name="java.awt.graphicsenv" value="sun.awt.Win32GraphicsEnvironment"/>
    <property name="surefire.real.class.path" value="C:\Users\15771\AppData\Local\Temp\surefire8270932434159106297\surefirebooter4429936743193647098.jar"/>
    <property name="sun.boot.class.path" value="D:\CC\JDK\JDK8\jre\lib\resources.jar;D:\CC\JDK\JDK8\jre\lib\rt.jar;D:\CC\JDK\JDK8\jre\lib\sunrsasign.jar;D:\CC\JDK\JDK8\jre\lib\jsse.jar;D:\CC\JDK\JDK8\jre\lib\jce.jar;D:\CC\JDK\JDK8\jre\lib\charsets.jar;D:\CC\JDK\JDK8\jre\lib\jfr.jar;D:\CC\JDK\JDK8\jre\classes"/>
    <property name="user.script" value=""/>
    <property name="sun.management.compiler" value="HotSpot 64-Bit Tiered Compilers"/>
    <property name="java.runtime.version" value="1.8.0_40-b25"/>
    <property name="user.name" value="15771"/>
    <property name="path.separator" value=";"/>
    <property name="os.version" value="6.3"/>
    <property name="java.endorsed.dirs" value="D:\CC\JDK\JDK8\jre\lib\endorsed"/>
    <property name="java.runtime.name" value="Java(TM) SE Runtime Environment"/>
    <property name="file.encoding" value="GBK"/>
    <property name="java.vm.name" value="Java HotSpot(TM) 64-Bit Server VM"/>
    <property name="localRepository" value="D:\CC\Maven\maven_jar"/>
    <property name="java.vendor.url.bug" value="http://bugreport.sun.com/bugreport/"/>
    <property name="java.io.tmpdir" value="C:\Users\15771\AppData\Local\Temp\"/>
    <property name="java.version" value="1.8.0_40"/>
    <property name="user.dir" value="D:\Proect\trash-recycling"/>
    <property name="os.arch" value="amd64"/>
    <property name="java.vm.specification.name" value="Java Virtual Machine Specification"/>
    <property name="java.awt.printerjob" value="sun.awt.windows.WPrinterJob"/>
    <property name="idea.version2019.1.3" value="true"/>
    <property name="sun.os.patch.level" value=""/>
    <property name="java.library.path" value="D:\CC\JDK\JDK8\jre\bin;C:\Windows\Sun\Java\bin;C:\Windows\system32;C:\Windows;C:\Windows\system32;C:\Windows;C:\Windows\System32\Wbem;C:\Windows\System32\WindowsPowerShell\v1.0\;C:\Windows\System32\OpenSSH\;D:\CC\JDK\JDK8\bin;D:\CC\Maven\apache-maven-3.5.3\bin;C:\Program Files\Git\cmd;D:\CC\Tomcat\apache-tomcat-8.5.32\lib;D:\CC\Tomcat\apache-tomcat-8.5.32\bin;C:\Users\15771\AppData\Local\Android\Sdk\platform-tools;C:\Users\15771\AppData\Local\Android\Sdk\tools;D:\CC\node-v10.16.3-win-x64;C:\Users\15771\AppData\Local\Microsoft\WindowsApps;C:\Program Files\Bandizip\;C:\Users\15771\AppData\Local\Programs\Microsoft VS Code\bin;."/>
    <property name="java.vm.info" value="mixed mode"/>
    <property name="java.vendor" value="Oracle Corporation"/>
    <property name="java.vm.version" value="25.40-b25"/>
    <property name="java.ext.dirs" value="D:\CC\JDK\JDK8\jre\lib\ext;C:\Windows\Sun\Java\lib\ext"/>
    <property name="sun.io.unicode.encoding" value="UnicodeLittle"/>
    <property name="java.class.version" value="52.0"/>
  </properties>
  <testcase name="contextLoads" classname="com.mengzhou.trashrecycling.TrashRecyclingApplicationTests" time="0.347"/>
</testsuite>